[0.182s] Invoking command in '/home/user/ros2_ws/build/my_tf2_ros2_course_pkg': _=/usr/bin/env /usr/bin/cmake --build /home/user/ros2_ws/build/my_tf2_ros2_course_pkg -- -j8 -l8
[1.939s] -- Found ament_cmake: 1.3.2 (/opt/ros/humble/share/ament_cmake/cmake)
[2.243s] -- Override CMake install command with custom implementation using symlinks instead of copying resources
[2.368s] -- Found tf2_ros: 0.25.1 (/opt/ros/humble/share/tf2_ros/cmake)
[2.454s] -- Found rosidl_generator_c: 3.1.3 (/opt/ros/humble/share/rosidl_generator_c/cmake)
[2.461s] -- Found rosidl_adapter: 3.1.3 (/opt/ros/humble/share/rosidl_adapter/cmake)
[2.572s] -- Found rosidl_generator_cpp: 3.1.3 (/opt/ros/humble/share/rosidl_generator_cpp/cmake)
[2.600s] -- Using all available rosidl_typesupport_c: rosidl_typesupport_fastrtps_c;rosidl_typesupport_introspection_c
[2.643s] -- Using all available rosidl_typesupport_cpp: rosidl_typesupport_fastrtps_cpp;rosidl_typesupport_introspection_cpp
[3.191s] -- Found rmw_implementation_cmake: 6.1.0 (/opt/ros/humble/share/rmw_implementation_cmake/cmake)
[3.197s] -- Found rmw_fastrtps_cpp: 6.2.1 (/opt/ros/humble/share/rmw_fastrtps_cpp/cmake)
[3.624s] -- Using RMW implementation 'rmw_fastrtps_cpp' as default
[4.556s] -- Found nav_msgs: 4.2.2 (/opt/ros/humble/share/nav_msgs/cmake)
[4.793s] -- Found ament_lint_auto: 0.12.4 (/opt/ros/humble/share/ament_lint_auto/cmake)
[4.909s] -- Added test 'flake8' to check Python code syntax and style conventions
[4.910s] -- Added test 'lint_cmake' to check CMake code style
[4.911s] -- Added test 'pep257' to check Python code against some of the docstring style conventions in PEP 257
[4.913s] -- Added test 'xmllint' to check XML markup files
[4.917s] -- Configuring done
[4.931s] -- Generating done
[4.934s] -- Build files have been written to: /home/user/ros2_ws/build/my_tf2_ros2_course_pkg
[4.966s] Invoked command in '/home/user/ros2_ws/build/my_tf2_ros2_course_pkg' returned '0': _=/usr/bin/env /usr/bin/cmake --build /home/user/ros2_ws/build/my_tf2_ros2_course_pkg -- -j8 -l8
[5.024s] Invoking command in '/home/user/ros2_ws/build/my_tf2_ros2_course_pkg': _=/usr/bin/env /usr/bin/cmake --install /home/user/ros2_ws/build/my_tf2_ros2_course_pkg
[5.031s] -- Install configuration: ""
[5.032s] -- Execute custom install script
[5.033s] -- Symlinking: /home/user/ros2_ws/install/my_tf2_ros2_course_pkg/share/my_tf2_ros2_course_pkg/launch/publish_static_transformom_odom_to_world.launch.py
[5.044s] -- Up-to-date symlink: /home/user/ros2_ws/install/my_tf2_ros2_course_pkg/lib/my_tf2_ros2_course_pkg/cam_bot_odom_to_tf_pub.py
[5.045s] -- Up-to-date symlink: /home/user/ros2_ws/install/my_tf2_ros2_course_pkg/lib/my_tf2_ros2_course_pkg/cam_bot_odom_to_tf_pub_late_tf_fixed.py
[5.045s] -- Up-to-date symlink: /home/user/ros2_ws/install/my_tf2_ros2_course_pkg/share/ament_index/resource_index/package_run_dependencies/my_tf2_ros2_course_pkg
[5.045s] -- Up-to-date symlink: /home/user/ros2_ws/install/my_tf2_ros2_course_pkg/share/ament_index/resource_index/parent_prefix_path/my_tf2_ros2_course_pkg
[5.045s] -- Up-to-date symlink: /home/user/ros2_ws/install/my_tf2_ros2_course_pkg/share/my_tf2_ros2_course_pkg/environment/ament_prefix_path.sh
[5.046s] -- Up-to-date symlink: /home/user/ros2_ws/install/my_tf2_ros2_course_pkg/share/my_tf2_ros2_course_pkg/environment/ament_prefix_path.dsv
[5.046s] -- Up-to-date symlink: /home/user/ros2_ws/install/my_tf2_ros2_course_pkg/share/my_tf2_ros2_course_pkg/environment/path.sh
[5.046s] -- Up-to-date symlink: /home/user/ros2_ws/install/my_tf2_ros2_course_pkg/share/my_tf2_ros2_course_pkg/environment/path.dsv
[5.046s] -- Up-to-date symlink: /home/user/ros2_ws/install/my_tf2_ros2_course_pkg/share/my_tf2_ros2_course_pkg/local_setup.bash
[5.047s] -- Up-to-date symlink: /home/user/ros2_ws/install/my_tf2_ros2_course_pkg/share/my_tf2_ros2_course_pkg/local_setup.sh
[5.047s] -- Up-to-date symlink: /home/user/ros2_ws/install/my_tf2_ros2_course_pkg/share/my_tf2_ros2_course_pkg/local_setup.zsh
[5.047s] -- Up-to-date symlink: /home/user/ros2_ws/install/my_tf2_ros2_course_pkg/share/my_tf2_ros2_course_pkg/local_setup.dsv
[5.047s] -- Symlinking: /home/user/ros2_ws/install/my_tf2_ros2_course_pkg/share/my_tf2_ros2_course_pkg/package.dsv
[5.057s] -- Up-to-date symlink: /home/user/ros2_ws/install/my_tf2_ros2_course_pkg/share/ament_index/resource_index/packages/my_tf2_ros2_course_pkg
[5.058s] -- Up-to-date symlink: /home/user/ros2_ws/install/my_tf2_ros2_course_pkg/share/my_tf2_ros2_course_pkg/cmake/my_tf2_ros2_course_pkgConfig.cmake
[5.058s] -- Up-to-date symlink: /home/user/ros2_ws/install/my_tf2_ros2_course_pkg/share/my_tf2_ros2_course_pkg/cmake/my_tf2_ros2_course_pkgConfig-version.cmake
[5.058s] -- Up-to-date symlink: /home/user/ros2_ws/install/my_tf2_ros2_course_pkg/share/my_tf2_ros2_course_pkg/package.xml
[5.060s] Invoked command in '/home/user/ros2_ws/build/my_tf2_ros2_course_pkg' returned '0': _=/usr/bin/env /usr/bin/cmake --install /home/user/ros2_ws/build/my_tf2_ros2_course_pkg
