[0.080s] Invoking command in '/home/user/ros2_ws/build/my_tf2_ros2_course_pkg': _=/usr/bin/env /usr/bin/cmake --build /home/user/ros2_ws/build/my_tf2_ros2_course_pkg -- -j8 -l8
[0.168s] Invoked command in '/home/user/ros2_ws/build/my_tf2_ros2_course_pkg' returned '0': _=/usr/bin/env /usr/bin/cmake --build /home/user/ros2_ws/build/my_tf2_ros2_course_pkg -- -j8 -l8
[0.224s] Invoking command in '/home/user/ros2_ws/build/my_tf2_ros2_course_pkg': _=/usr/bin/env /usr/bin/cmake --install /home/user/ros2_ws/build/my_tf2_ros2_course_pkg
[0.231s] -- Install configuration: ""
[0.233s] -- Execute custom install script
[0.233s] -- Up-to-date symlink: /home/user/ros2_ws/install/my_tf2_ros2_course_pkg/share/my_tf2_ros2_course_pkg/launch/publish_static_transformom_odom_to_world.launch.py
[0.234s] -- Up-to-date symlink: /home/user/ros2_ws/install/my_tf2_ros2_course_pkg/lib/my_tf2_ros2_course_pkg/cam_bot_odom_to_tf_pub.py
[0.235s] -- Up-to-date symlink: /home/user/ros2_ws/install/my_tf2_ros2_course_pkg/lib/my_tf2_ros2_course_pkg/cam_bot_odom_to_tf_pub_late_tf_fixed.py
[0.235s] -- Up-to-date symlink: /home/user/ros2_ws/install/my_tf2_ros2_course_pkg/lib/my_tf2_ros2_course_pkg/static_broadcaster_front_turtle_frame.py
[0.235s] -- Up-to-date symlink: /home/user/ros2_ws/install/my_tf2_ros2_course_pkg/share/ament_index/resource_index/package_run_dependencies/my_tf2_ros2_course_pkg
[0.235s] -- Up-to-date symlink: /home/user/ros2_ws/install/my_tf2_ros2_course_pkg/share/ament_index/resource_index/parent_prefix_path/my_tf2_ros2_course_pkg
[0.235s] -- Up-to-date symlink: /home/user/ros2_ws/install/my_tf2_ros2_course_pkg/share/my_tf2_ros2_course_pkg/environment/ament_prefix_path.sh
[0.235s] -- Up-to-date symlink: /home/user/ros2_ws/install/my_tf2_ros2_course_pkg/share/my_tf2_ros2_course_pkg/environment/ament_prefix_path.dsv
[0.235s] -- Up-to-date symlink: /home/user/ros2_ws/install/my_tf2_ros2_course_pkg/share/my_tf2_ros2_course_pkg/environment/path.sh
[0.235s] -- Up-to-date symlink: /home/user/ros2_ws/install/my_tf2_ros2_course_pkg/share/my_tf2_ros2_course_pkg/environment/path.dsv
[0.235s] -- Up-to-date symlink: /home/user/ros2_ws/install/my_tf2_ros2_course_pkg/share/my_tf2_ros2_course_pkg/local_setup.bash
[0.236s] -- Up-to-date symlink: /home/user/ros2_ws/install/my_tf2_ros2_course_pkg/share/my_tf2_ros2_course_pkg/local_setup.sh
[0.236s] -- Up-to-date symlink: /home/user/ros2_ws/install/my_tf2_ros2_course_pkg/share/my_tf2_ros2_course_pkg/local_setup.zsh
[0.236s] -- Up-to-date symlink: /home/user/ros2_ws/install/my_tf2_ros2_course_pkg/share/my_tf2_ros2_course_pkg/local_setup.dsv
[0.236s] -- Symlinking: /home/user/ros2_ws/install/my_tf2_ros2_course_pkg/share/my_tf2_ros2_course_pkg/package.dsv
[0.250s] -- Up-to-date symlink: /home/user/ros2_ws/install/my_tf2_ros2_course_pkg/share/ament_index/resource_index/packages/my_tf2_ros2_course_pkg
[0.250s] -- Up-to-date symlink: /home/user/ros2_ws/install/my_tf2_ros2_course_pkg/share/my_tf2_ros2_course_pkg/cmake/my_tf2_ros2_course_pkgConfig.cmake
[0.250s] -- Up-to-date symlink: /home/user/ros2_ws/install/my_tf2_ros2_course_pkg/share/my_tf2_ros2_course_pkg/cmake/my_tf2_ros2_course_pkgConfig-version.cmake
[0.250s] -- Up-to-date symlink: /home/user/ros2_ws/install/my_tf2_ros2_course_pkg/share/my_tf2_ros2_course_pkg/package.xml
[0.253s] Invoked command in '/home/user/ros2_ws/build/my_tf2_ros2_course_pkg' returned '0': _=/usr/bin/env /usr/bin/cmake --install /home/user/ros2_ws/build/my_tf2_ros2_course_pkg
