[0.077s] Invoking command in '/home/user/ros2_ws/build/my_tf2_ros2_course_pkg': _=/usr/bin/env /usr/bin/cmake --build /home/user/ros2_ws/build/my_tf2_ros2_course_pkg -- -j8 -l8
[0.153s] Invoked command in '/home/user/ros2_ws/build/my_tf2_ros2_course_pkg' returned '0': _=/usr/bin/env /usr/bin/cmake --build /home/user/ros2_ws/build/my_tf2_ros2_course_pkg -- -j8 -l8
[0.209s] Invoking command in '/home/user/ros2_ws/build/my_tf2_ros2_course_pkg': _=/usr/bin/env /usr/bin/cmake --install /home/user/ros2_ws/build/my_tf2_ros2_course_pkg
[0.224s] -- Install configuration: ""
[0.225s] -- Installing: /home/user/ros2_ws/install/my_tf2_ros2_course_pkg/lib/my_tf2_ros2_course_pkg/cam_bot_odom_to_tf_pub.py
[0.226s] -- Up-to-date: /home/user/ros2_ws/install/my_tf2_ros2_course_pkg/share/ament_index/resource_index/package_run_dependencies/my_tf2_ros2_course_pkg
[0.228s] -- Up-to-date: /home/user/ros2_ws/install/my_tf2_ros2_course_pkg/share/ament_index/resource_index/parent_prefix_path/my_tf2_ros2_course_pkg
[0.228s] -- Up-to-date: /home/user/ros2_ws/install/my_tf2_ros2_course_pkg/share/my_tf2_ros2_course_pkg/environment/ament_prefix_path.sh
[0.228s] -- Up-to-date: /home/user/ros2_ws/install/my_tf2_ros2_course_pkg/share/my_tf2_ros2_course_pkg/environment/ament_prefix_path.dsv
[0.228s] -- Up-to-date: /home/user/ros2_ws/install/my_tf2_ros2_course_pkg/share/my_tf2_ros2_course_pkg/environment/path.sh
[0.228s] -- Up-to-date: /home/user/ros2_ws/install/my_tf2_ros2_course_pkg/share/my_tf2_ros2_course_pkg/environment/path.dsv
[0.228s] -- Up-to-date: /home/user/ros2_ws/install/my_tf2_ros2_course_pkg/share/my_tf2_ros2_course_pkg/local_setup.bash
[0.228s] -- Up-to-date: /home/user/ros2_ws/install/my_tf2_ros2_course_pkg/share/my_tf2_ros2_course_pkg/local_setup.sh
[0.229s] -- Up-to-date: /home/user/ros2_ws/install/my_tf2_ros2_course_pkg/share/my_tf2_ros2_course_pkg/local_setup.zsh
[0.229s] -- Up-to-date: /home/user/ros2_ws/install/my_tf2_ros2_course_pkg/share/my_tf2_ros2_course_pkg/local_setup.dsv
[0.229s] -- Installing: /home/user/ros2_ws/install/my_tf2_ros2_course_pkg/share/my_tf2_ros2_course_pkg/package.dsv
[0.229s] -- Up-to-date: /home/user/ros2_ws/install/my_tf2_ros2_course_pkg/share/ament_index/resource_index/packages/my_tf2_ros2_course_pkg
[0.229s] -- Up-to-date: /home/user/ros2_ws/install/my_tf2_ros2_course_pkg/share/my_tf2_ros2_course_pkg/cmake/my_tf2_ros2_course_pkgConfig.cmake
[0.229s] -- Up-to-date: /home/user/ros2_ws/install/my_tf2_ros2_course_pkg/share/my_tf2_ros2_course_pkg/cmake/my_tf2_ros2_course_pkgConfig-version.cmake
[0.230s] -- Up-to-date: /home/user/ros2_ws/install/my_tf2_ros2_course_pkg/share/my_tf2_ros2_course_pkg/package.xml
[0.237s] Invoked command in '/home/user/ros2_ws/build/my_tf2_ros2_course_pkg' returned '0': _=/usr/bin/env /usr/bin/cmake --install /home/user/ros2_ws/build/my_tf2_ros2_course_pkg
