[0.052s] Invoking command in '/home/user/ros2_ws/build/my_tf2_ros2_course_pkg': _=/usr/bin/env /usr/bin/cmake /home/user/ros2_ws/src/my_tf2_ros2_course_pkg -DCMAKE_INSTALL_PREFIX=/home/user/ros2_ws/install/my_tf2_ros2_course_pkg
[0.065s] -- Found ament_cmake: 1.3.2 (/opt/ros/humble/share/ament_cmake/cmake)
[0.241s] -- Override CMake install command with custom implementation using symlinks instead of copying resources
[0.249s] -- Found tf2_ros: 0.25.1 (/opt/ros/humble/share/tf2_ros/cmake)
[0.280s] -- Found rosidl_generator_c: 3.1.3 (/opt/ros/humble/share/rosidl_generator_c/cmake)
[0.283s] -- Found rosidl_adapter: 3.1.3 (/opt/ros/humble/share/rosidl_adapter/cmake)
[0.290s] -- Found rosidl_generator_cpp: 3.1.3 (/opt/ros/humble/share/rosidl_generator_cpp/cmake)
[0.301s] -- Using all available rosidl_typesupport_c: rosidl_typesupport_fastrtps_c;rosidl_typesupport_introspection_c
[0.318s] -- Using all available rosidl_typesupport_cpp: rosidl_typesupport_fastrtps_cpp;rosidl_typesupport_introspection_cpp
[0.482s] -- Found rmw_implementation_cmake: 6.1.0 (/opt/ros/humble/share/rmw_implementation_cmake/cmake)
[0.483s] -- Found rmw_fastrtps_cpp: 6.2.1 (/opt/ros/humble/share/rmw_fastrtps_cpp/cmake)
[0.662s] -- Using RMW implementation 'rmw_fastrtps_cpp' as default
[1.229s] -- Found nav_msgs: 4.2.2 (/opt/ros/humble/share/nav_msgs/cmake)
[1.342s] -- Found ament_lint_auto: 0.12.4 (/opt/ros/humble/share/ament_lint_auto/cmake)
[1.428s] -- Added test 'flake8' to check Python code syntax and style conventions
[1.428s] -- Added test 'lint_cmake' to check CMake code style
[1.429s] -- Added test 'pep257' to check Python code against some of the docstring style conventions in PEP 257
[1.430s] -- Added test 'xmllint' to check XML markup files
[1.432s] -- Configuring done
[1.441s] -- Generating done
[1.444s] -- Build files have been written to: /home/user/ros2_ws/build/my_tf2_ros2_course_pkg
[1.456s] Invoked command in '/home/user/ros2_ws/build/my_tf2_ros2_course_pkg' returned '0': _=/usr/bin/env /usr/bin/cmake /home/user/ros2_ws/src/my_tf2_ros2_course_pkg -DCMAKE_INSTALL_PREFIX=/home/user/ros2_ws/install/my_tf2_ros2_course_pkg
[1.458s] Invoking command in '/home/user/ros2_ws/build/my_tf2_ros2_course_pkg': _=/usr/bin/env /usr/bin/cmake --build /home/user/ros2_ws/build/my_tf2_ros2_course_pkg -- -j8 -l8
[1.521s] Invoked command in '/home/user/ros2_ws/build/my_tf2_ros2_course_pkg' returned '0': _=/usr/bin/env /usr/bin/cmake --build /home/user/ros2_ws/build/my_tf2_ros2_course_pkg -- -j8 -l8
[1.562s] Invoking command in '/home/user/ros2_ws/build/my_tf2_ros2_course_pkg': _=/usr/bin/env /usr/bin/cmake --install /home/user/ros2_ws/build/my_tf2_ros2_course_pkg
[1.568s] -- Install configuration: ""
[1.568s] -- Execute custom install script
[1.569s] -- Up-to-date symlink: /home/user/ros2_ws/install/my_tf2_ros2_course_pkg/lib/my_tf2_ros2_course_pkg/cam_bot_odom_to_tf_pub.py
[1.569s] -- Symlinking: /home/user/ros2_ws/install/my_tf2_ros2_course_pkg/lib/my_tf2_ros2_course_pkg/cam_bot_odom_to_tf_pub_late_tf_fixed.py
[1.581s] -- Up-to-date symlink: /home/user/ros2_ws/install/my_tf2_ros2_course_pkg/share/ament_index/resource_index/package_run_dependencies/my_tf2_ros2_course_pkg
[1.581s] -- Up-to-date symlink: /home/user/ros2_ws/install/my_tf2_ros2_course_pkg/share/ament_index/resource_index/parent_prefix_path/my_tf2_ros2_course_pkg
[1.581s] -- Up-to-date symlink: /home/user/ros2_ws/install/my_tf2_ros2_course_pkg/share/my_tf2_ros2_course_pkg/environment/ament_prefix_path.sh
[1.581s] -- Up-to-date symlink: /home/user/ros2_ws/install/my_tf2_ros2_course_pkg/share/my_tf2_ros2_course_pkg/environment/ament_prefix_path.dsv
[1.581s] -- Up-to-date symlink: /home/user/ros2_ws/install/my_tf2_ros2_course_pkg/share/my_tf2_ros2_course_pkg/environment/path.sh
[1.582s] -- Up-to-date symlink: /home/user/ros2_ws/install/my_tf2_ros2_course_pkg/share/my_tf2_ros2_course_pkg/environment/path.dsv
[1.582s] -- Up-to-date symlink: /home/user/ros2_ws/install/my_tf2_ros2_course_pkg/share/my_tf2_ros2_course_pkg/local_setup.bash
[1.582s] -- Up-to-date symlink: /home/user/ros2_ws/install/my_tf2_ros2_course_pkg/share/my_tf2_ros2_course_pkg/local_setup.sh
[1.582s] -- Up-to-date symlink: /home/user/ros2_ws/install/my_tf2_ros2_course_pkg/share/my_tf2_ros2_course_pkg/local_setup.zsh
[1.583s] -- Up-to-date symlink: /home/user/ros2_ws/install/my_tf2_ros2_course_pkg/share/my_tf2_ros2_course_pkg/local_setup.dsv
[1.583s] -- Symlinking: /home/user/ros2_ws/install/my_tf2_ros2_course_pkg/share/my_tf2_ros2_course_pkg/package.dsv
[1.593s] -- Up-to-date symlink: /home/user/ros2_ws/install/my_tf2_ros2_course_pkg/share/ament_index/resource_index/packages/my_tf2_ros2_course_pkg
[1.593s] -- Up-to-date symlink: /home/user/ros2_ws/install/my_tf2_ros2_course_pkg/share/my_tf2_ros2_course_pkg/cmake/my_tf2_ros2_course_pkgConfig.cmake
[1.594s] -- Up-to-date symlink: /home/user/ros2_ws/install/my_tf2_ros2_course_pkg/share/my_tf2_ros2_course_pkg/cmake/my_tf2_ros2_course_pkgConfig-version.cmake
[1.594s] -- Up-to-date symlink: /home/user/ros2_ws/install/my_tf2_ros2_course_pkg/share/my_tf2_ros2_course_pkg/package.xml
[1.596s] Invoked command in '/home/user/ros2_ws/build/my_tf2_ros2_course_pkg' returned '0': _=/usr/bin/env /usr/bin/cmake --install /home/user/ros2_ws/build/my_tf2_ros2_course_pkg
