[2.074s] DEBUG:colcon:Command line arguments: ['/usr/bin/colcon', 'build']
[2.074s] DEBUG:colcon:Parsed command line arguments: Namespace(log_base=None, log_level=None, verb_name='build', build_base='build', install_base='install', merge_install=False, symlink_install=False, test_result_base=None, continue_on_error=False, executor='parallel', parallel_workers=8, event_handlers=None, ignore_user_meta=False, metas=['./colcon.meta'], base_paths=['.'], packages_ignore=None, packages_ignore_regex=None, paths=None, packages_up_to=None, packages_up_to_regex=None, packages_above=None, packages_above_and_dependencies=None, packages_above_depth=None, packages_select_by_dep=None, packages_skip_by_dep=None, packages_skip_up_to=None, packages_select_build_failed=False, packages_skip_build_finished=False, packages_select_test_failures=False, packages_skip_test_passed=False, packages_select=None, packages_skip=None, packages_select_regex=None, packages_skip_regex=None, packages_start=None, packages_end=None, allow_overriding=[], cmake_args=None, cmake_target=None, cmake_target_skip_unavailable=False, cmake_clean_cache=False, cmake_clean_first=False, cmake_force_configure=False, meson_args=[], ament_cmake_args=None, catkin_cmake_args=None, catkin_skip_building_tests=False, mixin_files=None, mixin=None, verb_parser=<colcon_alias.argument_parser.alias.AliasArgumentDecorator object at 0x7f97b47f6590>, verb_extension=<colcon_core.verb.build.BuildVerb object at 0x7f97b47f49a0>, main=<bound method BuildVerb.main of <colcon_core.verb.build.BuildVerb object at 0x7f97b47f49a0>>, mixin_verb=('build',))
[2.133s] Level 1:colcon.colcon_core.package_discovery:discover_packages(colcon_meta) check parameters
[2.133s] Level 1:colcon.colcon_core.package_discovery:discover_packages(recursive) check parameters
[2.133s] Level 1:colcon.colcon_core.package_discovery:discover_packages(ignore) check parameters
[2.133s] Level 1:colcon.colcon_core.package_discovery:discover_packages(path) check parameters
[2.133s] Level 1:colcon.colcon_core.package_discovery:discover_packages(colcon_meta) discover
[2.134s] Level 1:colcon.colcon_core.package_discovery:discover_packages(recursive) discover
[2.134s] INFO:colcon.colcon_core.package_discovery:Crawling recursively for packages in '/home/user/ros2_ws'
[2.134s] Level 1:colcon.colcon_core.package_identification:_identify(.) by extensions ['ignore', 'ignore_ament_install']
[2.134s] Level 1:colcon.colcon_core.package_identification:_identify(.) by extension 'ignore'
[2.134s] Level 1:colcon.colcon_core.package_identification:_identify(.) by extension 'ignore_ament_install'
[2.134s] Level 1:colcon.colcon_core.package_identification:_identify(.) by extensions ['colcon_pkg']
[2.134s] Level 1:colcon.colcon_core.package_identification:_identify(.) by extension 'colcon_pkg'
[2.134s] Level 1:colcon.colcon_core.package_identification:_identify(.) by extensions ['colcon_meta']
[2.134s] Level 1:colcon.colcon_core.package_identification:_identify(.) by extension 'colcon_meta'
[2.134s] Level 1:colcon.colcon_core.package_identification:_identify(.) by extensions ['ros']
[2.134s] Level 1:colcon.colcon_core.package_identification:_identify(.) by extension 'ros'
[2.152s] Level 1:colcon.colcon_core.package_identification:_identify(.) by extensions ['cmake', 'meson', 'python']
[2.152s] Level 1:colcon.colcon_core.package_identification:_identify(.) by extension 'cmake'
[2.153s] Level 1:colcon.colcon_core.package_identification:_identify(.) by extension 'meson'
[2.153s] Level 1:colcon.colcon_core.package_identification:_identify(.) by extension 'python'
[2.153s] Level 1:colcon.colcon_core.package_identification:_identify(.) by extensions ['python_setup_py']
[2.153s] Level 1:colcon.colcon_core.package_identification:_identify(.) by extension 'python_setup_py'
[2.153s] Level 1:colcon.colcon_core.package_identification:_identify(build) by extensions ['ignore', 'ignore_ament_install']
[2.153s] Level 1:colcon.colcon_core.package_identification:_identify(build) by extension 'ignore'
[2.153s] Level 1:colcon.colcon_core.package_identification:_identify(build) ignored
[2.153s] Level 1:colcon.colcon_core.package_identification:_identify(install) by extensions ['ignore', 'ignore_ament_install']
[2.153s] Level 1:colcon.colcon_core.package_identification:_identify(install) by extension 'ignore'
[2.154s] Level 1:colcon.colcon_core.package_identification:_identify(install) ignored
[2.154s] Level 1:colcon.colcon_core.package_identification:_identify(log) by extensions ['ignore', 'ignore_ament_install']
[2.154s] Level 1:colcon.colcon_core.package_identification:_identify(log) by extension 'ignore'
[2.154s] Level 1:colcon.colcon_core.package_identification:_identify(log) ignored
[2.154s] Level 1:colcon.colcon_core.package_identification:_identify(src) by extensions ['ignore', 'ignore_ament_install']
[2.154s] Level 1:colcon.colcon_core.package_identification:_identify(src) by extension 'ignore'
[2.154s] Level 1:colcon.colcon_core.package_identification:_identify(src) by extension 'ignore_ament_install'
[2.154s] Level 1:colcon.colcon_core.package_identification:_identify(src) by extensions ['colcon_pkg']
[2.154s] Level 1:colcon.colcon_core.package_identification:_identify(src) by extension 'colcon_pkg'
[2.154s] Level 1:colcon.colcon_core.package_identification:_identify(src) by extensions ['colcon_meta']
[2.154s] Level 1:colcon.colcon_core.package_identification:_identify(src) by extension 'colcon_meta'
[2.154s] Level 1:colcon.colcon_core.package_identification:_identify(src) by extensions ['ros']
[2.155s] Level 1:colcon.colcon_core.package_identification:_identify(src) by extension 'ros'
[2.155s] Level 1:colcon.colcon_core.package_identification:_identify(src) by extensions ['cmake', 'meson', 'python']
[2.155s] Level 1:colcon.colcon_core.package_identification:_identify(src) by extension 'cmake'
[2.155s] Level 1:colcon.colcon_core.package_identification:_identify(src) by extension 'meson'
[2.155s] Level 1:colcon.colcon_core.package_identification:_identify(src) by extension 'python'
[2.155s] Level 1:colcon.colcon_core.package_identification:_identify(src) by extensions ['python_setup_py']
[2.155s] Level 1:colcon.colcon_core.package_identification:_identify(src) by extension 'python_setup_py'
[2.155s] Level 1:colcon.colcon_core.package_identification:_identify(src/my_tf2_ros2_course_pkg) by extensions ['ignore', 'ignore_ament_install']
[2.155s] Level 1:colcon.colcon_core.package_identification:_identify(src/my_tf2_ros2_course_pkg) by extension 'ignore'
[2.155s] Level 1:colcon.colcon_core.package_identification:_identify(src/my_tf2_ros2_course_pkg) by extension 'ignore_ament_install'
[2.155s] Level 1:colcon.colcon_core.package_identification:_identify(src/my_tf2_ros2_course_pkg) by extensions ['colcon_pkg']
[2.155s] Level 1:colcon.colcon_core.package_identification:_identify(src/my_tf2_ros2_course_pkg) by extension 'colcon_pkg'
[2.156s] Level 1:colcon.colcon_core.package_identification:_identify(src/my_tf2_ros2_course_pkg) by extensions ['colcon_meta']
[2.156s] Level 1:colcon.colcon_core.package_identification:_identify(src/my_tf2_ros2_course_pkg) by extension 'colcon_meta'
[2.156s] Level 1:colcon.colcon_core.package_identification:_identify(src/my_tf2_ros2_course_pkg) by extensions ['ros']
[2.156s] Level 1:colcon.colcon_core.package_identification:_identify(src/my_tf2_ros2_course_pkg) by extension 'ros'
[2.160s] DEBUG:colcon.colcon_core.package_identification:Package 'src/my_tf2_ros2_course_pkg' with type 'ros.ament_cmake' and name 'my_tf2_ros2_course_pkg'
[2.160s] Level 1:colcon.colcon_core.package_discovery:discover_packages(recursive) using defaults
[2.160s] Level 1:colcon.colcon_core.package_discovery:discover_packages(ignore) discover
[2.160s] Level 1:colcon.colcon_core.package_discovery:discover_packages(ignore) using defaults
[2.160s] Level 1:colcon.colcon_core.package_discovery:discover_packages(path) discover
[2.160s] Level 1:colcon.colcon_core.package_discovery:discover_packages(path) using defaults
[2.256s] Level 1:colcon.colcon_core.package_discovery:discover_packages(prefix_path) check parameters
[2.256s] Level 1:colcon.colcon_core.package_discovery:discover_packages(prefix_path) discover
[2.299s] DEBUG:colcon.colcon_installed_package_information.package_discovery:Found 419 installed packages in /opt/ros/humble
[2.302s] Level 1:colcon.colcon_core.package_discovery:discover_packages(prefix_path) using defaults
[2.496s] Level 5:colcon.colcon_core.verb:set package 'my_tf2_ros2_course_pkg' build argument 'cmake_args' from command line to 'None'
[2.496s] Level 5:colcon.colcon_core.verb:set package 'my_tf2_ros2_course_pkg' build argument 'cmake_target' from command line to 'None'
[2.497s] Level 5:colcon.colcon_core.verb:set package 'my_tf2_ros2_course_pkg' build argument 'cmake_target_skip_unavailable' from command line to 'False'
[2.497s] Level 5:colcon.colcon_core.verb:set package 'my_tf2_ros2_course_pkg' build argument 'cmake_clean_cache' from command line to 'False'
[2.497s] Level 5:colcon.colcon_core.verb:set package 'my_tf2_ros2_course_pkg' build argument 'cmake_clean_first' from command line to 'False'
[2.497s] Level 5:colcon.colcon_core.verb:set package 'my_tf2_ros2_course_pkg' build argument 'cmake_force_configure' from command line to 'False'
[2.497s] Level 5:colcon.colcon_core.verb:set package 'my_tf2_ros2_course_pkg' build argument 'meson_args' from command line to '[]'
[2.497s] Level 5:colcon.colcon_core.verb:set package 'my_tf2_ros2_course_pkg' build argument 'ament_cmake_args' from command line to 'None'
[2.497s] Level 5:colcon.colcon_core.verb:set package 'my_tf2_ros2_course_pkg' build argument 'catkin_cmake_args' from command line to 'None'
[2.497s] Level 5:colcon.colcon_core.verb:set package 'my_tf2_ros2_course_pkg' build argument 'catkin_skip_building_tests' from command line to 'False'
[2.497s] DEBUG:colcon.colcon_core.verb:Building package 'my_tf2_ros2_course_pkg' with the following arguments: {'ament_cmake_args': None, 'build_base': '/home/user/ros2_ws/build/my_tf2_ros2_course_pkg', 'catkin_cmake_args': None, 'catkin_skip_building_tests': False, 'cmake_args': None, 'cmake_clean_cache': False, 'cmake_clean_first': False, 'cmake_force_configure': False, 'cmake_target': None, 'cmake_target_skip_unavailable': False, 'install_base': '/home/user/ros2_ws/install/my_tf2_ros2_course_pkg', 'merge_install': False, 'meson_args': [], 'path': '/home/user/ros2_ws/src/my_tf2_ros2_course_pkg', 'symlink_install': False, 'test_result_base': None}
[2.517s] INFO:colcon.colcon_core.executor:Executing jobs using 'parallel' executor
[2.538s] DEBUG:colcon.colcon_parallel_executor.executor.parallel:run_until_complete
[2.539s] INFO:colcon.colcon_ros.task.ament_cmake.build:Building ROS package in '/home/user/ros2_ws/src/my_tf2_ros2_course_pkg' with build type 'ament_cmake'
[2.539s] INFO:colcon.colcon_cmake.task.cmake.build:Building CMake package in '/home/user/ros2_ws/src/my_tf2_ros2_course_pkg'
[2.565s] INFO:colcon.colcon_core.plugin_system:Skipping extension 'colcon_core.shell.bat': Not used on non-Windows systems
[2.565s] INFO:colcon.colcon_core.shell:Skip shell extension 'powershell' for command environment: Not usable outside of PowerShell
[2.565s] DEBUG:colcon.colcon_core.shell:Skip shell extension 'dsv' for command environment
[2.617s] DEBUG:colcon.colcon_core.event_handler.log_command:Invoking command in '/home/user/ros2_ws/build/my_tf2_ros2_course_pkg': _=/usr/bin/env /usr/bin/cmake --build /home/user/ros2_ws/build/my_tf2_ros2_course_pkg -- -j8 -l8
[4.647s] DEBUG:colcon.colcon_core.event_handler.log_command:Invoked command in '/home/user/ros2_ws/build/my_tf2_ros2_course_pkg' returned '0': _=/usr/bin/env /usr/bin/cmake --build /home/user/ros2_ws/build/my_tf2_ros2_course_pkg -- -j8 -l8
[4.696s] DEBUG:colcon.colcon_core.event_handler.log_command:Invoking command in '/home/user/ros2_ws/build/my_tf2_ros2_course_pkg': _=/usr/bin/env /usr/bin/cmake --install /home/user/ros2_ws/build/my_tf2_ros2_course_pkg
[4.727s] Level 1:colcon.colcon_core.environment:create_environment_scripts_only(my_tf2_ros2_course_pkg)
[4.728s] DEBUG:colcon.colcon_core.event_handler.log_command:Invoked command in '/home/user/ros2_ws/build/my_tf2_ros2_course_pkg' returned '0': _=/usr/bin/env /usr/bin/cmake --install /home/user/ros2_ws/build/my_tf2_ros2_course_pkg
[4.747s] Level 1:colcon.colcon_core.environment:checking '/home/user/ros2_ws/install/my_tf2_ros2_course_pkg' for CMake module files
[4.748s] Level 1:colcon.colcon_core.environment:checking '/home/user/ros2_ws/install/my_tf2_ros2_course_pkg' for CMake config files
[4.748s] Level 1:colcon.colcon_core.shell:create_environment_hook('my_tf2_ros2_course_pkg', 'cmake_prefix_path')
[4.764s] INFO:colcon.colcon_core.shell:Creating environment hook '/home/user/ros2_ws/install/my_tf2_ros2_course_pkg/share/my_tf2_ros2_course_pkg/hook/cmake_prefix_path.ps1'
[4.764s] INFO:colcon.colcon_core.shell:Creating environment descriptor '/home/user/ros2_ws/install/my_tf2_ros2_course_pkg/share/my_tf2_ros2_course_pkg/hook/cmake_prefix_path.dsv'
[4.765s] INFO:colcon.colcon_core.shell:Creating environment hook '/home/user/ros2_ws/install/my_tf2_ros2_course_pkg/share/my_tf2_ros2_course_pkg/hook/cmake_prefix_path.sh'
[4.766s] Level 1:colcon.colcon_core.environment:checking '/home/user/ros2_ws/install/my_tf2_ros2_course_pkg/lib'
[4.766s] Level 1:colcon.colcon_core.environment:checking '/home/user/ros2_ws/install/my_tf2_ros2_course_pkg/bin'
[4.766s] Level 1:colcon.colcon_core.environment:checking '/home/user/ros2_ws/install/my_tf2_ros2_course_pkg/lib/pkgconfig/my_tf2_ros2_course_pkg.pc'
[4.767s] Level 1:colcon.colcon_core.environment:checking '/home/user/ros2_ws/install/my_tf2_ros2_course_pkg/lib/python3.10/site-packages'
[4.767s] Level 1:colcon.colcon_core.environment:checking '/home/user/ros2_ws/install/my_tf2_ros2_course_pkg/bin'
[4.782s] INFO:colcon.colcon_core.shell:Creating package script '/home/user/ros2_ws/install/my_tf2_ros2_course_pkg/share/my_tf2_ros2_course_pkg/package.ps1'
[4.783s] INFO:colcon.colcon_core.shell:Creating package descriptor '/home/user/ros2_ws/install/my_tf2_ros2_course_pkg/share/my_tf2_ros2_course_pkg/package.dsv'
[4.784s] INFO:colcon.colcon_core.shell:Creating package script '/home/user/ros2_ws/install/my_tf2_ros2_course_pkg/share/my_tf2_ros2_course_pkg/package.sh'
[4.785s] INFO:colcon.colcon_core.shell:Creating package script '/home/user/ros2_ws/install/my_tf2_ros2_course_pkg/share/my_tf2_ros2_course_pkg/package.bash'
[4.786s] INFO:colcon.colcon_core.shell:Creating package script '/home/user/ros2_ws/install/my_tf2_ros2_course_pkg/share/my_tf2_ros2_course_pkg/package.zsh'
[4.786s] Level 1:colcon.colcon_core.environment:create_file_with_runtime_dependencies(/home/user/ros2_ws/install/my_tf2_ros2_course_pkg/share/colcon-core/packages/my_tf2_ros2_course_pkg)
[4.868s] Level 1:colcon.colcon_core.environment:create_environment_scripts_only(my_tf2_ros2_course_pkg)
[4.884s] Level 1:colcon.colcon_core.environment:checking '/home/user/ros2_ws/install/my_tf2_ros2_course_pkg' for CMake module files
[4.885s] Level 1:colcon.colcon_core.environment:checking '/home/user/ros2_ws/install/my_tf2_ros2_course_pkg' for CMake config files
[4.886s] Level 1:colcon.colcon_core.shell:create_environment_hook('my_tf2_ros2_course_pkg', 'cmake_prefix_path')
[4.902s] INFO:colcon.colcon_core.shell:Creating environment hook '/home/user/ros2_ws/install/my_tf2_ros2_course_pkg/share/my_tf2_ros2_course_pkg/hook/cmake_prefix_path.ps1'
[4.902s] INFO:colcon.colcon_core.shell:Creating environment descriptor '/home/user/ros2_ws/install/my_tf2_ros2_course_pkg/share/my_tf2_ros2_course_pkg/hook/cmake_prefix_path.dsv'
[4.903s] INFO:colcon.colcon_core.shell:Creating environment hook '/home/user/ros2_ws/install/my_tf2_ros2_course_pkg/share/my_tf2_ros2_course_pkg/hook/cmake_prefix_path.sh'
[4.903s] Level 1:colcon.colcon_core.environment:checking '/home/user/ros2_ws/install/my_tf2_ros2_course_pkg/lib'
[4.903s] Level 1:colcon.colcon_core.environment:checking '/home/user/ros2_ws/install/my_tf2_ros2_course_pkg/bin'
[4.904s] Level 1:colcon.colcon_core.environment:checking '/home/user/ros2_ws/install/my_tf2_ros2_course_pkg/lib/pkgconfig/my_tf2_ros2_course_pkg.pc'
[4.904s] Level 1:colcon.colcon_core.environment:checking '/home/user/ros2_ws/install/my_tf2_ros2_course_pkg/lib/python3.10/site-packages'
[4.904s] Level 1:colcon.colcon_core.environment:checking '/home/user/ros2_ws/install/my_tf2_ros2_course_pkg/bin'
[4.920s] INFO:colcon.colcon_core.shell:Creating package script '/home/user/ros2_ws/install/my_tf2_ros2_course_pkg/share/my_tf2_ros2_course_pkg/package.ps1'
[4.921s] INFO:colcon.colcon_core.shell:Creating package descriptor '/home/user/ros2_ws/install/my_tf2_ros2_course_pkg/share/my_tf2_ros2_course_pkg/package.dsv'
[4.922s] INFO:colcon.colcon_core.shell:Creating package script '/home/user/ros2_ws/install/my_tf2_ros2_course_pkg/share/my_tf2_ros2_course_pkg/package.sh'
[4.922s] INFO:colcon.colcon_core.shell:Creating package script '/home/user/ros2_ws/install/my_tf2_ros2_course_pkg/share/my_tf2_ros2_course_pkg/package.bash'
[4.923s] INFO:colcon.colcon_core.shell:Creating package script '/home/user/ros2_ws/install/my_tf2_ros2_course_pkg/share/my_tf2_ros2_course_pkg/package.zsh'
[4.923s] Level 1:colcon.colcon_core.environment:create_file_with_runtime_dependencies(/home/user/ros2_ws/install/my_tf2_ros2_course_pkg/share/colcon-core/packages/my_tf2_ros2_course_pkg)
[4.924s] DEBUG:colcon.colcon_parallel_executor.executor.parallel:closing loop
[4.924s] DEBUG:colcon.colcon_parallel_executor.executor.parallel:loop closed
[4.924s] DEBUG:colcon.colcon_parallel_executor.executor.parallel:run_until_complete finished with '0'
[4.924s] DEBUG:colcon.colcon_core.event_reactor:joining thread
[4.945s] INFO:colcon.colcon_core.plugin_system:Skipping extension 'colcon_notification.desktop_notification.notify_send': Could not find 'notify-send'
[4.945s] INFO:colcon.colcon_core.plugin_system:Skipping extension 'colcon_notification.desktop_notification.terminal_notifier': Not used on non-Darwin systems
[4.945s] INFO:colcon.colcon_core.plugin_system:Skipping extension 'colcon_notification.desktop_notification.win32': Not used on non-Windows systems
[4.945s] INFO:colcon.colcon_notification.desktop_notification:Sending desktop notification using 'notify2'
[4.948s] DEBUG:colcon.colcon_notification.desktop_notification.notify2:Failed to initialize notify2: org.freedesktop.DBus.Error.Spawn.ExecFailed: /usr/bin/dbus-launch terminated abnormally without any error message
[4.948s] DEBUG:colcon.colcon_core.event_reactor:joined thread
[4.966s] INFO:colcon.colcon_core.shell:Creating prefix script '/home/user/ros2_ws/install/local_setup.ps1'
[4.967s] INFO:colcon.colcon_core.shell:Creating prefix util module '/home/user/ros2_ws/install/_local_setup_util_ps1.py'
[4.969s] INFO:colcon.colcon_core.shell:Creating prefix chain script '/home/user/ros2_ws/install/setup.ps1'
[4.988s] INFO:colcon.colcon_core.shell:Creating prefix script '/home/user/ros2_ws/install/local_setup.sh'
[4.989s] INFO:colcon.colcon_core.shell:Creating prefix util module '/home/user/ros2_ws/install/_local_setup_util_sh.py'
[4.990s] INFO:colcon.colcon_core.shell:Creating prefix chain script '/home/user/ros2_ws/install/setup.sh'
[5.009s] INFO:colcon.colcon_core.shell:Creating prefix script '/home/user/ros2_ws/install/local_setup.bash'
[5.009s] INFO:colcon.colcon_core.shell:Creating prefix chain script '/home/user/ros2_ws/install/setup.bash'
[5.028s] INFO:colcon.colcon_core.shell:Creating prefix script '/home/user/ros2_ws/install/local_setup.zsh'
[5.029s] INFO:colcon.colcon_core.shell:Creating prefix chain script '/home/user/ros2_ws/install/setup.zsh'
[5.052s] INFO:colcon.colcon_core.shell:Creating '/home/user/ros2_ws/install/spawn_shell.bash'
