[0.088s] Invoking command in '/home/user/ros2_ws/build/my_tf2_ros2_course_pkg': _=/usr/bin/env /usr/bin/cmake /home/user/ros2_ws/src/my_tf2_ros2_course_pkg -DCMAKE_INSTALL_PREFIX=/home/user/ros2_ws/install/my_tf2_ros2_course_pkg
[0.176s] -- The C compiler identification is GNU 11.2.0
[0.254s] -- The CXX compiler identification is GNU 11.2.0
[0.261s] -- Detecting C compiler ABI info
[0.354s] -- Detecting C compiler ABI info - done
[0.364s] -- Check for working C compiler: /usr/bin/cc - skipped
[0.364s] -- Detecting C compile features
[0.364s] -- Detecting C compile features - done
[0.368s] -- Detecting CXX compiler ABI info
[0.462s] -- Detecting CXX compiler ABI info - done
[0.473s] -- Check for working CXX compiler: /usr/bin/c++ - skipped
[0.473s] -- Detecting CXX compile features
[0.474s] -- Detecting CXX compile features - done
[0.478s] -- Found ament_cmake: 1.3.2 (/opt/ros/humble/share/ament_cmake/cmake)
[0.711s] -- Found Python3: /usr/bin/python3.10 (found version "3.10.6") found components: Interpreter 
[0.856s] -- Found tf2_ros: 0.25.1 (/opt/ros/humble/share/tf2_ros/cmake)
[0.939s] -- Found rosidl_generator_c: 3.1.3 (/opt/ros/humble/share/rosidl_generator_c/cmake)
[0.953s] -- Found rosidl_adapter: 3.1.3 (/opt/ros/humble/share/rosidl_adapter/cmake)
[0.971s] -- Found rosidl_generator_cpp: 3.1.3 (/opt/ros/humble/share/rosidl_generator_cpp/cmake)
[0.997s] -- Using all available rosidl_typesupport_c: rosidl_typesupport_fastrtps_c;rosidl_typesupport_introspection_c
[1.049s] -- Using all available rosidl_typesupport_cpp: rosidl_typesupport_fastrtps_cpp;rosidl_typesupport_introspection_cpp
[1.322s] -- Found rmw_implementation_cmake: 6.1.0 (/opt/ros/humble/share/rmw_implementation_cmake/cmake)
[1.326s] -- Found rmw_fastrtps_cpp: 6.2.1 (/opt/ros/humble/share/rmw_fastrtps_cpp/cmake)
[1.494s] -- Found OpenSSL: /usr/lib/x86_64-linux-gnu/libcrypto.so (found version "3.0.2")  
[1.560s] -- Found FastRTPS: /opt/ros/humble/include  
[1.661s] -- Using RMW implementation 'rmw_fastrtps_cpp' as default
[2.449s] -- Found nav_msgs: 4.2.2 (/opt/ros/humble/share/nav_msgs/cmake)
[2.614s] -- Found ament_lint_auto: 0.12.4 (/opt/ros/humble/share/ament_lint_auto/cmake)
[2.750s] -- Added test 'flake8' to check Python code syntax and style conventions
[2.752s] -- Added test 'lint_cmake' to check CMake code style
[2.753s] -- Added test 'pep257' to check Python code against some of the docstring style conventions in PEP 257
[2.754s] -- Added test 'xmllint' to check XML markup files
[2.756s] -- Configuring done
[2.766s] -- Generating done
[2.766s] -- Build files have been written to: /home/user/ros2_ws/build/my_tf2_ros2_course_pkg
[2.779s] Invoked command in '/home/user/ros2_ws/build/my_tf2_ros2_course_pkg' returned '0': _=/usr/bin/env /usr/bin/cmake /home/user/ros2_ws/src/my_tf2_ros2_course_pkg -DCMAKE_INSTALL_PREFIX=/home/user/ros2_ws/install/my_tf2_ros2_course_pkg
[2.786s] Invoking command in '/home/user/ros2_ws/build/my_tf2_ros2_course_pkg': _=/usr/bin/env /usr/bin/cmake --build /home/user/ros2_ws/build/my_tf2_ros2_course_pkg -- -j8 -l8
[2.857s] Invoked command in '/home/user/ros2_ws/build/my_tf2_ros2_course_pkg' returned '0': _=/usr/bin/env /usr/bin/cmake --build /home/user/ros2_ws/build/my_tf2_ros2_course_pkg -- -j8 -l8
[2.915s] Invoking command in '/home/user/ros2_ws/build/my_tf2_ros2_course_pkg': _=/usr/bin/env /usr/bin/cmake --install /home/user/ros2_ws/build/my_tf2_ros2_course_pkg
[2.924s] -- Install configuration: ""
[2.925s] -- Installing: /home/user/ros2_ws/install/my_tf2_ros2_course_pkg/lib/my_tf2_ros2_course_pkg/cam_bot_odom_to_tf_pub.py
[2.925s] -- Installing: /home/user/ros2_ws/install/my_tf2_ros2_course_pkg/share/ament_index/resource_index/package_run_dependencies/my_tf2_ros2_course_pkg
[2.925s] -- Installing: /home/user/ros2_ws/install/my_tf2_ros2_course_pkg/share/ament_index/resource_index/parent_prefix_path/my_tf2_ros2_course_pkg
[2.926s] -- Installing: /home/user/ros2_ws/install/my_tf2_ros2_course_pkg/share/my_tf2_ros2_course_pkg/environment/ament_prefix_path.sh
[2.926s] -- Installing: /home/user/ros2_ws/install/my_tf2_ros2_course_pkg/share/my_tf2_ros2_course_pkg/environment/ament_prefix_path.dsv
[2.926s] -- Installing: /home/user/ros2_ws/install/my_tf2_ros2_course_pkg/share/my_tf2_ros2_course_pkg/environment/path.sh
[2.926s] -- Installing: /home/user/ros2_ws/install/my_tf2_ros2_course_pkg/share/my_tf2_ros2_course_pkg/environment/path.dsv
[2.927s] -- Installing: /home/user/ros2_ws/install/my_tf2_ros2_course_pkg/share/my_tf2_ros2_course_pkg/local_setup.bash
[2.927s] -- Installing: /home/user/ros2_ws/install/my_tf2_ros2_course_pkg/share/my_tf2_ros2_course_pkg/local_setup.sh
[2.927s] -- Installing: /home/user/ros2_ws/install/my_tf2_ros2_course_pkg/share/my_tf2_ros2_course_pkg/local_setup.zsh
[2.927s] -- Installing: /home/user/ros2_ws/install/my_tf2_ros2_course_pkg/share/my_tf2_ros2_course_pkg/local_setup.dsv
[2.927s] -- Installing: /home/user/ros2_ws/install/my_tf2_ros2_course_pkg/share/my_tf2_ros2_course_pkg/package.dsv
[2.928s] -- Installing: /home/user/ros2_ws/install/my_tf2_ros2_course_pkg/share/ament_index/resource_index/packages/my_tf2_ros2_course_pkg
[2.928s] -- Installing: /home/user/ros2_ws/install/my_tf2_ros2_course_pkg/share/my_tf2_ros2_course_pkg/cmake/my_tf2_ros2_course_pkgConfig.cmake
[2.928s] -- Installing: /home/user/ros2_ws/install/my_tf2_ros2_course_pkg/share/my_tf2_ros2_course_pkg/cmake/my_tf2_ros2_course_pkgConfig-version.cmake
[2.929s] -- Installing: /home/user/ros2_ws/install/my_tf2_ros2_course_pkg/share/my_tf2_ros2_course_pkg/package.xml
[2.931s] Invoked command in '/home/user/ros2_ws/build/my_tf2_ros2_course_pkg' returned '0': _=/usr/bin/env /usr/bin/cmake --install /home/user/ros2_ws/build/my_tf2_ros2_course_pkg
